2019-03-08 09:53:10,956 INFO o.a.j.u.JMeterUtils: Setting Locale to en_EN
2019-03-08 09:53:11,034 INFO o.a.j.JMeter: Loading user properties from: /usr/local/Cellar/jmeter/4.0/libexec/bin/user.properties
2019-03-08 09:53:11,035 INFO o.a.j.JMeter: Loading system properties from: /usr/local/Cellar/jmeter/4.0/libexec/bin/system.properties
2019-03-08 09:53:11,045 INFO o.a.j.JMeter: Copyright (c) 1998-2018 The Apache Software Foundation
2019-03-08 09:53:11,045 INFO o.a.j.JMeter: Version 4.0 r1823414
2019-03-08 09:53:11,045 INFO o.a.j.JMeter: java.version=10.0.1
2019-03-08 09:53:11,045 INFO o.a.j.JMeter: java.vm.name=Java HotSpot(TM) 64-Bit Server VM
2019-03-08 09:53:11,045 INFO o.a.j.JMeter: os.name=Mac OS X
2019-03-08 09:53:11,045 INFO o.a.j.JMeter: os.arch=x86_64
2019-03-08 09:53:11,046 INFO o.a.j.JMeter: os.version=10.14.3
2019-03-08 09:53:11,046 INFO o.a.j.JMeter: file.encoding=UTF-8
2019-03-08 09:53:11,046 INFO o.a.j.JMeter: Max memory     =1073741824
2019-03-08 09:53:11,046 INFO o.a.j.JMeter: Available Processors =4
2019-03-08 09:53:11,057 INFO o.a.j.JMeter: Default Locale=English (EN)
2019-03-08 09:53:11,057 INFO o.a.j.JMeter: JMeter  Locale=English (EN)
2019-03-08 09:53:11,057 INFO o.a.j.JMeter: JMeterHome=/usr/local/Cellar/jmeter/4.0/libexec
2019-03-08 09:53:11,057 INFO o.a.j.JMeter: user.dir  =/Users/mdarafathossain/git/docker-openldap
2019-03-08 09:53:11,058 INFO o.a.j.JMeter: PWD       =/Users/mdarafathossain/git/docker-openldap
2019-03-08 09:53:11,060 INFO o.a.j.JMeter: IP: 127.0.0.1 Name: Arafats-MBP FullName: localhost
2019-03-08 09:53:13,284 INFO o.a.j.g.a.LookAndFeelCommand: Installing Darcula LAF
2019-03-08 09:53:13,293 INFO o.a.j.g.a.LookAndFeelCommand: Using look and feel: com.bulenkov.darcula.DarculaLaf [Darcula]
2019-03-08 09:53:13,294 INFO o.a.j.JMeter: Setting LAF to: com.bulenkov.darcula.DarculaLaf
2019-03-08 09:53:13,440 INFO o.a.j.JMeter: Loaded icon properties from org/apache/jmeter/images/icon.properties
2019-03-08 09:53:14,173 INFO o.a.j.e.u.CompoundVariable: Note: Function class names must contain the string: '.functions.'
2019-03-08 09:53:14,174 INFO o.a.j.e.u.CompoundVariable: Note: Function class names must not contain the string: '.gui.'
2019-03-08 09:53:16,221 INFO o.a.j.p.h.s.HTTPSamplerBase: Parser for text/html is org.apache.jmeter.protocol.http.parser.LagartoBasedHtmlParser
2019-03-08 09:53:16,222 INFO o.a.j.p.h.s.HTTPSamplerBase: Parser for application/xhtml+xml is org.apache.jmeter.protocol.http.parser.LagartoBasedHtmlParser
2019-03-08 09:53:16,222 INFO o.a.j.p.h.s.HTTPSamplerBase: Parser for application/xml is org.apache.jmeter.protocol.http.parser.LagartoBasedHtmlParser
2019-03-08 09:53:16,222 INFO o.a.j.p.h.s.HTTPSamplerBase: Parser for text/xml is org.apache.jmeter.protocol.http.parser.LagartoBasedHtmlParser
2019-03-08 09:53:16,222 INFO o.a.j.p.h.s.HTTPSamplerBase: Parser for text/vnd.wap.wml is org.apache.jmeter.protocol.http.parser.RegexpHTMLParser
2019-03-08 09:53:16,222 INFO o.a.j.p.h.s.HTTPSamplerBase: Parser for text/css is org.apache.jmeter.protocol.http.parser.CssParser
2019-03-08 09:53:16,932 INFO o.a.j.e.KeyToolUtils: keytool found at 'keytool'
2019-03-08 09:53:16,933 INFO o.a.j.p.h.p.ProxyControl: HTTP(S) Test Script Recorder SSL Proxy will use keys that support embedded 3rd party resources in file /usr/local/Cellar/jmeter/4.0/libexec/bin/proxyserver.jks
2019-03-08 09:53:17,102 INFO o.a.j.s.FileServer: Default base='/Users/mdarafathossain/git/docker-openldap'
2019-03-08 09:53:17,550 INFO o.a.j.s.SampleResult: Note: Sample TimeStamps are START times
2019-03-08 09:53:17,550 INFO o.a.j.s.SampleResult: sampleresult.default.encoding is set to ISO-8859-1
2019-03-08 09:53:17,550 INFO o.a.j.s.SampleResult: sampleresult.useNanoTime=true
2019-03-08 09:53:17,550 INFO o.a.j.s.SampleResult: sampleresult.nanoThreadSleep=5000
2019-03-08 09:53:21,902 INFO o.a.j.g.a.Load: Loading file: /Users/mdarafathossain/git/LDAP Capture/democorp_Add_Search_Jiaojiao.jmx
2019-03-08 09:53:21,902 INFO o.a.j.s.FileServer: Set new base='/Users/mdarafathossain/git/LDAP Capture'
2019-03-08 09:53:22,126 INFO o.a.j.s.SaveService: Testplan (JMX) version: 2.2. Testlog (JTL) version: 2.2
2019-03-08 09:53:22,148 INFO o.a.j.s.SaveService: Using SaveService properties version 4.0
2019-03-08 09:53:22,150 INFO o.a.j.s.SaveService: Using SaveService properties file encoding UTF-8
2019-03-08 09:53:22,152 INFO o.a.j.s.SaveService: Loading file: /Users/mdarafathossain/git/LDAP Capture/democorp_Add_Search_Jiaojiao.jmx
2019-03-08 09:53:22,409 INFO o.a.j.s.FileServer: Set new base='/Users/mdarafathossain/git/LDAP Capture'
